<?xml version="1.0" encoding="UTF-8"?>
<!-- Generated by org.testng.reporters.JUnitReportReporter -->
<testsuite hostname="TMX0393.local" name="com.guru99.tests.Test99GuruLogin" tests="1" failures="0" timestamp="13 Feb 2018 20:43:38 GMT" time="0.004" errors="0">
  <testcase name="testGuru99Login" time="0.004" classname="com.guru99.tests.Test99GuruLogin"/>
</testsuite>
