<?xml version="1.0" encoding="UTF-8"?>
<!-- Generated by org.testng.reporters.JUnitReportReporter -->
<testsuite hostname="TMX0393.local" name="com.facebook.tests.TestHomePageCurt" tests="1" failures="0" timestamp="12 Feb 2018 21:05:32 GMT" time="1.909" errors="0">
  <testcase name="testFaceBookTitleOnPageLoad" time="1.909" classname="com.facebook.tests.TestHomePageCurt"/>
</testsuite>
