<?xml version="1.0" encoding="UTF-8"?>
<!-- Generated by org.testng.reporters.JUnitReportReporter -->
<testsuite hostname="TMX0393.local" name="com.examples.selenium.locators.testLocators1" tests="1" failures="0" timestamp="9 Feb 2018 23:24:34 GMT" time="3.170" errors="0">
  <testcase name="testLocators" time="3.170" classname="com.examples.selenium.locators.testLocators1"/>
</testsuite>
