<?xml version="1.0" encoding="UTF-8"?>
<!-- Generated by org.testng.reporters.JUnitReportReporter -->
<testsuite hostname="TMX0393.local" name="com.guru99.tests.Test99GuruHomePage" tests="1" failures="0" timestamp="14 Feb 2018 00:38:32 GMT" time="0.138" errors="0">
  <testcase name="test_Home_Page_DashBoard_UserName" time="0.138" classname="com.guru99.tests.Test99GuruHomePage"/>
</testsuite>
